[     595ms] [INFO] %cDownload the React DevTools for a better development experience: https://react.dev/link/react-devtools font-weight:bold @ http://localhost:3000/_next/static/chunks/0fm8_next_dist_0lceen-._.js:2431
[     606ms] [LOG] [HMR] connected @ http://localhost:3000/_next/static/chunks/0fm8_next_dist_0lceen-._.js:2431
[     825ms] [LOG] %c[Vercel Web Analytics]%c Debug mode is enabled by default in development. No requests will be sent to the server. color: rgb(120, 120, 120) color: inherit @ http://localhost:3000/_next/static/chunks/0fm8_next_dist_0lceen-._.js:2431
[     825ms] [LOG] %c[Vercel Web Analytics]%c Running queued event color: rgb(120, 120, 120) color: inherit pageview {route: /, path: /} @ http://localhost:3000/_next/static/chunks/0fm8_next_dist_0lceen-._.js:2431
[     825ms] [LOG] %c[Vercel Web Analytics]%c [view] http://localhost:3000/ color: rgb(120, 120, 120) color: inherit {o: http://localhost:3000/, sv: 0.1.3, sdkn: @vercel/analytics/next, sdkv: 2.0.1, ts: 1777126821859} /_vercel/insights/view @ http://localhost:3000/_next/static/chunks/0fm8_next_dist_0lceen-._.js:2431
[  123371ms] [ERROR] Failed to load resource: the server responded with a status of 500 (Internal Server Error) @ http://localhost:3000/?_rsc=wnywt:0
[  123520ms] [ERROR] Failed to load resource: the server responded with a status of 500 (Internal Server Error) @ http://localhost:3000/?_rsc=wnywt:0
[  123551ms] [ERROR] Failed to load resource: the server responded with a status of 500 (Internal Server Error) @ http://localhost:3000/:0
[  123618ms] [INFO] %cDownload the React DevTools for a better development experience: https://react.dev/link/react-devtools font-weight:bold @ http://localhost:3000/_next/static/chunks/0220_react-dom_0knhb5g._.js:15305
[  123671ms] Error: ./components/previews/workflow/index.ts:5:1
Module not found: Can't resolve './CodeBlock'
  3 | export { FeatureCards } from "./FeatureCards";
  4 | export { TracePanel } from "./TracePanel";
> 5 | export { CodeBlock } from "./CodeBlock";
    | ^^^^^^^^^^^^^^^^^^^^^^^^^^^^^^^^^^^^^^^^
  6 |



Import traces:
  Client Component Browser:
    ./components/previews/workflow/index.ts [Client Component Browser]
    ./components/previews/WorkflowShowcase.tsx [Client Component Browser]
    ./components/previews/WorkflowShowcase.tsx [Server Component]
    ./app/page.tsx [Server Component]

  Client Component SSR:
    ./components/previews/workflow/index.ts [Client Component SSR]
    ./components/previews/WorkflowShowcase.tsx [Client Component SSR]
    ./components/previews/WorkflowShowcase.tsx [Server Component]
    ./app/page.tsx [Server Component]

https://nextjs.org/docs/messages/module-not-found


    at <unknown> (Error: ./components/previews/workflow/index.ts:5:1)
    at <unknown> (https://nextjs.org/docs/messages/module-not-found)
    at Object.getCompilationErrors (file:///Users/coderchris/Desktop/oxcil/node_modules/.bun/next@16.2.4+414d4dedf9acd908/node_modules/next/dist/server/dev/hot-reloader-turbopack.js:1186:59)
    at DevBundlerService.getCompilationError (file:///Users/coderchris/Desktop/oxcil/node_modules/.bun/next@16.2.4+414d4dedf9acd908/node_modules/next/dist/server/lib/dev-bundler-service.js:44:55)
    at DevServer.getCompilationError (file:///Users/coderchris/Desktop/oxcil/node_modules/.bun/next@16.2.4+414d4dedf9acd908/node_modules/next/dist/server/dev/next-dev-server.js:719:42)
    at DevServer.findPageComponents (file:///Users/coderchris/Desktop/oxcil/node_modules/.bun/next@16.2.4+414d4dedf9acd908/node_modules/next/dist/server/dev/next-dev-server.js:689:43)
    at async DevServer.renderErrorToResponseImpl (file:///Users/coderchris/Desktop/oxcil/node_modules/.bun/next@16.2.4+414d4dedf9acd908/node_modules/next/dist/server/base-server.js:1745:26)
[  123657ms] [LOG] [HMR] connected @ http://localhost:3000/_next/static/chunks/0fm8_next_dist_00ff3ya._.js:1226
[  123780ms] [ERROR] ./components/previews/workflow/index.ts:5:1
Module not found: Can't resolve './CodeBlock'
  3 | export { FeatureCards } from "./FeatureCards";
  4 | export { TracePanel } from "./TracePanel";
> 5 | export { CodeBlock } from "./CodeBlock";
    | ^^^^^^^^^^^^^^^^^^^^^^^^^^^^^^^^^^^^^^^^
  6 |

Import traces:
  Client Component Browser:
    ./components/previews/workflow/index.ts [Client Component Browser]
    ./components/previews/WorkflowShowcase.tsx [Client Component Browser]
    ./components/previews/WorkflowShowcase.tsx [Server Component]
    ./app/page.tsx [Server Component]

  Client Component SSR:
    ./components/previews/workflow/index.ts [Client Component SSR]
    ./components/previews/WorkflowShowcase.tsx [Client Component SSR]
    ./components/previews/WorkflowShowcase.tsx [Server Component]
    ./app/page.tsx [Server Component]

https://nextjs.org/docs/messages/module-not-found @ http://localhost:3000/_next/static/chunks/0fm8_next_dist_00ff3ya._.js:1945
[  132794ms] [WARNING] [Fast Refresh] performing full reload because your application had an unrecoverable error @ http://localhost:3000/_next/static/chunks/0fm8_next_dist_00ff3ya._.js:1226
[  134334ms] [INFO] %cDownload the React DevTools for a better development experience: https://react.dev/link/react-devtools font-weight:bold @ http://localhost:3000/_next/static/chunks/0fm8_next_dist_0lceen-._.js:2431
[  134351ms] [LOG] [HMR] connected @ http://localhost:3000/_next/static/chunks/0fm8_next_dist_0lceen-._.js:2431
[  134511ms] [LOG] %c[Vercel Web Analytics]%c Debug mode is enabled by default in development. No requests will be sent to the server. color: rgb(120, 120, 120) color: inherit @ http://localhost:3000/_next/static/chunks/0fm8_next_dist_0lceen-._.js:2431
[  134511ms] [LOG] %c[Vercel Web Analytics]%c Running queued event color: rgb(120, 120, 120) color: inherit pageview {route: /, path: /} @ http://localhost:3000/_next/static/chunks/0fm8_next_dist_0lceen-._.js:2431
[  134511ms] [LOG] %c[Vercel Web Analytics]%c [view] http://localhost:3000/ color: rgb(120, 120, 120) color: inherit {o: http://localhost:3000/, sv: 0.1.3, sdkn: @vercel/analytics/next, sdkv: 2.0.1, ts: 1777126955544} /_vercel/insights/view @ http://localhost:3000/_next/static/chunks/0fm8_next_dist_0lceen-._.js:2431
[  168377ms] [ERROR] Failed to load resource: the server responded with a status of 500 (Internal Server Error) @ http://localhost:3000/?_rsc=wnywt:0
[  168429ms] [ERROR] Failed to load resource: the server responded with a status of 500 (Internal Server Error) @ http://localhost:3000/?_rsc=wnywt:0
[  168497ms] [ERROR] Failed to load resource: the server responded with a status of 500 (Internal Server Error) @ http://localhost:3000/:0
[  168556ms] [INFO] %cDownload the React DevTools for a better development experience: https://react.dev/link/react-devtools font-weight:bold @ http://localhost:3000/_next/static/chunks/0220_react-dom_0knhb5g._.js:15305
[  168560ms] Invalid or unexpected token
[  168561ms] Error: Module [next]/entry/page-loader.ts { PAGE => "[project]/node_modules/.bun/next@16.2.4+414d4dedf9acd908/node_modules/next/app.js [client] (ecmascript)" } [client] (ecmascript) was instantiated because it was required from module [hmr-entry]/hmr-entry.js { ENTRY => "[project]/pages/_app" }, but the module factory is not available.
This is often caused by a stale browser cache, misconfigured Cache-Control headers, or a service worker serving outdated responses.
To fix this, make sure your Cache-Control headers allow revalidation of chunks and review your service worker configuration. As an immediate workaround, try hard-reloading the page, clearing the browser cache, or unregistering any service workers.
    at instantiateModuleShared (http://localhost:3000/_next/static/chunks/turbopack-pages__app_0aamk2p._.js:1272:15)
    at instantiateModule (http://localhost:3000/_next/static/chunks/turbopack-pages__app_0aamk2p._.js:1621:12)
    at getOrInstantiateModuleFromParent (http://localhost:3000/_next/static/chunks/turbopack-pages__app_0aamk2p._.js:1604:12)
    at DevContext.commonJsRequire [as r] (http://localhost:3000/_next/static/chunks/turbopack-pages__app_0aamk2p._.js:299:12)
    at module evaluation (http://localhost:3000/_next/static/chunks/%5Broot-of-the-server%5D__0c0okpg._.js:472:23)
    at http://localhost:3000/_next/static/chunks/turbopack-pages__app_0aamk2p._.js:1307:27
    at runModuleExecutionHooks (http://localhost:3000/_next/static/chunks/turbopack-pages__app_0aamk2p._.js:1636:13)
    at instantiateModuleShared (http://localhost:3000/_next/static/chunks/turbopack-pages__app_0aamk2p._.js:1305:9)
    at instantiateModule (http://localhost:3000/_next/static/chunks/turbopack-pages__app_0aamk2p._.js:1621:12)
    at getOrInstantiateRuntimeModule (http://localhost:3000/_next/static/chunks/turbopack-pages__app_0aamk2p._.js:1582:12)
    at Object.registerChunk (http://localhost:3000/_next/static/chunks/turbopack-pages__app_0aamk2p._.js:1988:21)
[  168567ms] [LOG] [HMR] connected @ http://localhost:3000/_next/static/chunks/0fm8_next_dist_0xgs76o._.js:1226
[  168567ms] [WARNING] [HMR] Invalid message: {"type":"isrManifest","data":{"/?_rsc=wnywt":false,"/":false}}
TypeError: Cannot read properties of undefined (reading 'components')
    at handleStaticIndicator (http://localhost:3000/_next/static/chunks/0fm8_next_dist_client_08~60pv._.js:2791:46)
    at processMessage (http://localhost:3000/_next/static/chunks/0fm8_next_dist_client_08~60pv._.js:2805:17)
    at http://localhost:3000/_next/static/chunks/0fm8_next_dist_client_08~60pv._.js:2679:13
    at WebSocket.handleMessage (http://localhost:3000/_next/static/chunks/0fm8_next_dist_client_08~60pv._.js:2324:17) @ http://localhost:3000/_next/static/chunks/0fm8_next_dist_0xgs76o._.js:1226
[  168575ms] [ERROR] ./components/previews/workflow-library-preview.tsx:19:1
Module not found: Can't resolve '@/components/previews/run-runtime-strip'
  17 | import { IntegrationStatusChip } from "@/components/previews/integration-status-chip";
  18 | import { ResultSummaryCard } from "@/components/previews/result-summary-card";
> 19 | import { RunRuntimeStrip } from "@/components/previews/run-runtime-strip";
     | ^^^^^^^^^^^^^^^^^^^^^^^^^^^^^^^^^^^^^^^^^^^^^^^^^^^^^^^^^^^^^^^^^^^^^^^^^^
  20 | import { Badge } from "@/components/ui/badge";
  21 | import { IconTile } from "@/components/ui/icon-tile";
  22 | import { Surface } from "@/components/ui/surface";

Import map: aliased to relative './components/previews/run-runtime-strip' inside of [project]/

Import traces:
  Client Component Browser:
    ./components/previews/workflow-library-preview.tsx [Client Component Browser]
    ./components/sections/terminal-demo.tsx [Client Component Browser]
    ./components/sections/terminal-demo.tsx [Server Component]
    ./app/page.tsx [Server Component]

  Client Component SSR:
    ./components/previews/workflow-library-preview.tsx [Client Component SSR]
    ./components/sections/terminal-demo.tsx [Client Component SSR]
    ./components/sections/terminal-demo.tsx [Server Component]
    ./app/page.tsx [Server Component]

https://nextjs.org/docs/messages/module-not-found @ http://localhost:3000/_next/static/chunks/0fm8_next_dist_0xgs76o._.js:1945
[  168575ms] [ERROR] ./components/sections/hero-section.tsx:10:1
Module not found: Can't resolve '@/components/previews/run-runtime-strip'
   8 | import { PageContainer } from "@/components/layout/page-container";
   9 | import { IntegrationStatusChip } from "@/components/previews/integration-status-chip";
> 10 | import { RunRuntimeStrip } from "@/components/previews/run-runtime-strip";
     | ^^^^^^^^^^^^^^^^^^^^^^^^^^^^^^^^^^^^^^^^^^^^^^^^^^^^^^^^^^^^^^^^^^^^^^^^^^
  11 | import { Badge } from "@/components/ui/badge";
  12 | import { Button } from "@/components/ui/button";
  13 | import { Spinner } from "@/components/ui/spinner";

Import map: aliased to relative './components/previews/run-runtime-strip' inside of [project]/

Import trace:
  Server Component:
    ./components/sections/hero-section.tsx
    ./app/page.tsx

https://nextjs.org/docs/messages/module-not-found @ http://localhost:3000/_next/static/chunks/0fm8_next_dist_0xgs76o._.js:1945
[  188814ms] [WARNING] [HMR] Invalid message: {"type":"isrManifest","data":{"/?_rsc=wnywt":false,"/":false}}
TypeError: Cannot read properties of undefined (reading 'components')
    at handleStaticIndicator (http://localhost:3000/_next/static/chunks/0fm8_next_dist_client_08~60pv._.js:2791:46)
    at processMessage (http://localhost:3000/_next/static/chunks/0fm8_next_dist_client_08~60pv._.js:2805:17)
    at http://localhost:3000/_next/static/chunks/0fm8_next_dist_client_08~60pv._.js:2679:13
    at WebSocket.handleMessage (http://localhost:3000/_next/static/chunks/0fm8_next_dist_client_08~60pv._.js:2324:17) @ http://localhost:3000/_next/static/chunks/0fm8_next_dist_0xgs76o._.js:1226
[  188841ms] [WARNING] [HMR] Invalid message: {"type":"isrManifest","data":{"/":false,"/?_rsc=wnywt":false}}
TypeError: Cannot read properties of undefined (reading 'components')
    at handleStaticIndicator (http://localhost:3000/_next/static/chunks/0fm8_next_dist_client_08~60pv._.js:2791:46)
    at processMessage (http://localhost:3000/_next/static/chunks/0fm8_next_dist_client_08~60pv._.js:2805:17)
    at http://localhost:3000/_next/static/chunks/0fm8_next_dist_client_08~60pv._.js:2679:13
    at WebSocket.handleMessage (http://localhost:3000/_next/static/chunks/0fm8_next_dist_client_08~60pv._.js:2324:17) @ http://localhost:3000/_next/static/chunks/0fm8_next_dist_0xgs76o._.js:1226
[  188851ms] [ERROR] Failed to load resource: the server responded with a status of 500 (Internal Server Error) @ http://localhost:3000/:0
[  188882ms] [INFO] %cDownload the React DevTools for a better development experience: https://react.dev/link/react-devtools font-weight:bold @ http://localhost:3000/_next/static/chunks/0220_react-dom_0knhb5g._.js:15305
[  188934ms] Error: ./components/previews/workflow-library-preview.tsx:19:1
Module not found: Can't resolve '@/components/previews/run-runtime-strip'
  17 | import { IntegrationStatusChip } from "@/components/previews/integration-status-chip";
  18 | import { ResultSummaryCard } from "@/components/previews/result-summary-card";
> 19 | import { RunRuntimeStrip } from "@/components/previews/run-runtime-strip";
     | ^^^^^^^^^^^^^^^^^^^^^^^^^^^^^^^^^^^^^^^^^^^^^^^^^^^^^^^^^^^^^^^^^^^^^^^^^^
  20 | import { Badge } from "@/components/ui/badge";
  21 | import { IconTile } from "@/components/ui/icon-tile";
  22 | import { Surface } from "@/components/ui/surface";

Import map: aliased to relative './components/previews/run-runtime-strip' inside of [project]/


Import traces:
  Client Component Browser:
    ./components/previews/workflow-library-preview.tsx [Client Component Browser]
    ./components/sections/terminal-demo.tsx [Client Component Browser]
    ./components/sections/terminal-demo.tsx [Server Component]
    ./app/page.tsx [Server Component]

  Client Component SSR:
    ./components/previews/workflow-library-preview.tsx [Client Component SSR]
    ./components/sections/terminal-demo.tsx [Client Component SSR]
    ./components/sections/terminal-demo.tsx [Server Component]
    ./app/page.tsx [Server Component]

https://nextjs.org/docs/messages/module-not-found


    at <unknown> (Error: ./components/previews/workflow-library-preview.tsx:19:1)
    at <unknown> (https://nextjs.org/docs/messages/module-not-found)
    at Object.getCompilationErrors (file:///Users/coderchris/Desktop/oxcil/node_modules/.bun/next@16.2.4+414d4dedf9acd908/node_modules/next/dist/server/dev/hot-reloader-turbopack.js:1186:59)
    at DevBundlerService.getCompilationError (file:///Users/coderchris/Desktop/oxcil/node_modules/.bun/next@16.2.4+414d4dedf9acd908/node_modules/next/dist/server/lib/dev-bundler-service.js:44:55)
    at DevServer.getCompilationError (file:///Users/coderchris/Desktop/oxcil/node_modules/.bun/next@16.2.4+414d4dedf9acd908/node_modules/next/dist/server/dev/next-dev-server.js:719:42)
    at DevServer.findPageComponents (file:///Users/coderchris/Desktop/oxcil/node_modules/.bun/next@16.2.4+414d4dedf9acd908/node_modules/next/dist/server/dev/next-dev-server.js:689:43)
    at async DevServer.renderErrorToResponseImpl (file:///Users/coderchris/Desktop/oxcil/node_modules/.bun/next@16.2.4+414d4dedf9acd908/node_modules/next/dist/server/base-server.js:1745:26)
[  188936ms] Error: Module [next]/entry/page-loader.ts { PAGE => "[project]/node_modules/.bun/next@16.2.4+414d4dedf9acd908/node_modules/next/dist/pages/_error.js [client] (ecmascript)" } [client] (ecmascript) was instantiated because it was required from module [hmr-entry]/hmr-entry.js { ENTRY => "[project]/pages/_error" }, but the module factory is not available.
This is often caused by a stale browser cache, misconfigured Cache-Control headers, or a service worker serving outdated responses.
To fix this, make sure your Cache-Control headers allow revalidation of chunks and review your service worker configuration. As an immediate workaround, try hard-reloading the page, clearing the browser cache, or unregistering any service workers.
    at instantiateModuleShared (http://localhost:3000/_next/static/chunks/turbopack-pages__app_0aamk2p._.js:1272:15)
    at instantiateModule (http://localhost:3000/_next/static/chunks/turbopack-pages__app_0aamk2p._.js:1621:12)
    at getOrInstantiateModuleFromParent (http://localhost:3000/_next/static/chunks/turbopack-pages__app_0aamk2p._.js:1604:12)
    at DevContext.commonJsRequire [as r] (http://localhost:3000/_next/static/chunks/turbopack-pages__app_0aamk2p._.js:299:12)
    at module evaluation (http://localhost:3000/_next/static/chunks/%5Broot-of-the-server%5D__01mw43t._.js:472:23)
    at http://localhost:3000/_next/static/chunks/turbopack-pages__app_0aamk2p._.js:1307:27
    at runModuleExecutionHooks (http://localhost:3000/_next/static/chunks/turbopack-pages__app_0aamk2p._.js:1636:13)
    at instantiateModuleShared (http://localhost:3000/_next/static/chunks/turbopack-pages__app_0aamk2p._.js:1305:9)
    at instantiateModule (http://localhost:3000/_next/static/chunks/turbopack-pages__app_0aamk2p._.js:1621:12)
    at getOrInstantiateRuntimeModule (http://localhost:3000/_next/static/chunks/turbopack-pages__app_0aamk2p._.js:1582:12)
    at Object.registerChunk (http://localhost:3000/_next/static/chunks/turbopack-pages__app_0aamk2p._.js:1988:21)
[  188892ms] [LOG] [HMR] connected @ http://localhost:3000/_next/static/chunks/0fm8_next_dist_0xgs76o._.js:1226
[  188893ms] [ERROR] ./components/previews/workflow-library-preview.tsx:19:1
Module not found: Can't resolve '@/components/previews/run-runtime-strip'
  17 | import { IntegrationStatusChip } from "@/components/previews/integration-status-chip";
  18 | import { ResultSummaryCard } from "@/components/previews/result-summary-card";
> 19 | import { RunRuntimeStrip } from "@/components/previews/run-runtime-strip";
     | ^^^^^^^^^^^^^^^^^^^^^^^^^^^^^^^^^^^^^^^^^^^^^^^^^^^^^^^^^^^^^^^^^^^^^^^^^^
  20 | import { Badge } from "@/components/ui/badge";
  21 | import { IconTile } from "@/components/ui/icon-tile";
  22 | import { Surface } from "@/components/ui/surface";

Import map: aliased to relative './components/previews/run-runtime-strip' inside of [project]/

Import traces:
  Client Component Browser:
    ./components/previews/workflow-library-preview.tsx [Client Component Browser]
    ./components/sections/terminal-demo.tsx [Client Component Browser]
    ./components/sections/terminal-demo.tsx [Server Component]
    ./app/page.tsx [Server Component]

  Client Component SSR:
    ./components/previews/workflow-library-preview.tsx [Client Component SSR]
    ./components/sections/terminal-demo.tsx [Client Component SSR]
    ./components/sections/terminal-demo.tsx [Server Component]
    ./app/page.tsx [Server Component]

https://nextjs.org/docs/messages/module-not-found @ http://localhost:3000/_next/static/chunks/0fm8_next_dist_0xgs76o._.js:1945
[  217613ms] [WARNING] [Fast Refresh] performing full reload because your application had an unrecoverable error @ http://localhost:3000/_next/static/chunks/0fm8_next_dist_0xgs76o._.js:1226
[  218794ms] [INFO] %cDownload the React DevTools for a better development experience: https://react.dev/link/react-devtools font-weight:bold @ http://localhost:3000/_next/static/chunks/0fm8_next_dist_0lceen-._.js:2431
[  218807ms] [LOG] [HMR] connected @ http://localhost:3000/_next/static/chunks/0fm8_next_dist_0lceen-._.js:2431
[  218952ms] [LOG] %c[Vercel Web Analytics]%c Debug mode is enabled by default in development. No requests will be sent to the server. color: rgb(120, 120, 120) color: inherit @ http://localhost:3000/_next/static/chunks/0fm8_next_dist_0lceen-._.js:2431
[  218952ms] [LOG] %c[Vercel Web Analytics]%c Running queued event color: rgb(120, 120, 120) color: inherit pageview {route: /, path: /} @ http://localhost:3000/_next/static/chunks/0fm8_next_dist_0lceen-._.js:2431
[  218952ms] [LOG] %c[Vercel Web Analytics]%c [view] http://localhost:3000/ color: rgb(120, 120, 120) color: inherit {o: http://localhost:3000/, sv: 0.1.3, sdkn: @vercel/analytics/next, sdkv: 2.0.1, ts: 1777127039986} /_vercel/insights/view @ http://localhost:3000/_next/static/chunks/0fm8_next_dist_0lceen-._.js:2431
[  456589ms] [ERROR] Failed to load resource: the server responded with a status of 500 (Internal Server Error) @ http://localhost:3000/?_rsc=wnywt:0
[  456910ms] [ERROR] Failed to load resource: the server responded with a status of 500 (Internal Server Error) @ http://localhost:3000/?_rsc=wnywt:0
[  456958ms] [ERROR] Failed to load resource: the server responded with a status of 500 (Internal Server Error) @ http://localhost:3000/:0
[  457104ms] [INFO] %cDownload the React DevTools for a better development experience: https://react.dev/link/react-devtools font-weight:bold @ http://localhost:3000/_next/static/chunks/0220_react-dom_0knhb5g._.js:15305
[  457142ms] Error: Module [next]/entry/page-loader.ts { PAGE => "[project]/node_modules/.bun/next@16.2.4+21ccd8898788a04d/node_modules/next/app.js [client] (ecmascript)" } [client] (ecmascript) was instantiated because it was required from module [hmr-entry]/hmr-entry.js { ENTRY => "[project]/pages/_app" }, but the module factory is not available.
This is often caused by a stale browser cache, misconfigured Cache-Control headers, or a service worker serving outdated responses.
To fix this, make sure your Cache-Control headers allow revalidation of chunks and review your service worker configuration. As an immediate workaround, try hard-reloading the page, clearing the browser cache, or unregistering any service workers.
    at instantiateModuleShared (http://localhost:3000/_next/static/chunks/turbopack-pages__app_09_uv0p._.js:1272:15)
    at instantiateModule (http://localhost:3000/_next/static/chunks/turbopack-pages__app_09_uv0p._.js:1621:12)
    at getOrInstantiateModuleFromParent (http://localhost:3000/_next/static/chunks/turbopack-pages__app_09_uv0p._.js:1604:12)
    at DevContext.commonJsRequire [as r] (http://localhost:3000/_next/static/chunks/turbopack-pages__app_09_uv0p._.js:299:12)
    at module evaluation (http://localhost:3000/_next/static/chunks/%5Broot-of-the-server%5D__0c0okpg._.js:472:23)
    at http://localhost:3000/_next/static/chunks/turbopack-pages__app_09_uv0p._.js:1307:27
    at runModuleExecutionHooks (http://localhost:3000/_next/static/chunks/turbopack-pages__app_09_uv0p._.js:1636:13)
    at instantiateModuleShared (http://localhost:3000/_next/static/chunks/turbopack-pages__app_09_uv0p._.js:1305:9)
    at instantiateModule (http://localhost:3000/_next/static/chunks/turbopack-pages__app_09_uv0p._.js:1621:12)
    at getOrInstantiateRuntimeModule (http://localhost:3000/_next/static/chunks/turbopack-pages__app_09_uv0p._.js:1582:12)
    at Object.registerChunk (http://localhost:3000/_next/static/chunks/turbopack-pages__app_09_uv0p._.js:1988:21)
[  457173ms] [LOG] [HMR] connected @ http://localhost:3000/_next/static/chunks/0fm8_next_dist_00ff3ya._.js:1226
[  457173ms] [WARNING] [HMR] Invalid message: {"type":"isrManifest","data":{"/?_rsc=wnywt":false,"/":false}}
TypeError: Cannot read properties of undefined (reading 'components')
    at handleStaticIndicator (http://localhost:3000/_next/static/chunks/0fm8_next_dist_client_08~60pv._.js:2791:46)
    at processMessage (http://localhost:3000/_next/static/chunks/0fm8_next_dist_client_08~60pv._.js:2805:17)
    at http://localhost:3000/_next/static/chunks/0fm8_next_dist_client_08~60pv._.js:2679:13
    at WebSocket.handleMessage (http://localhost:3000/_next/static/chunks/0fm8_next_dist_client_08~60pv._.js:2324:17) @ http://localhost:3000/_next/static/chunks/0fm8_next_dist_00ff3ya._.js:1226
[  457178ms] Invalid or unexpected token
[  457177ms] [ERROR] ./components/sections/terminal-demo.tsx:11:1
Module not found: Can't resolve '@/components/previews/workflow-library-preview'
   9 | import { PageContainer } from "@/components/layout/page-container";
  10 | import { SectionShell } from "@/components/layout/section-shell";
> 11 | import { WorkflowLibraryPreview } from "@/components/previews/workflow-library-preview";
     | ^^^^^^^^^^^^^^^^^^^^^^^^^^^^^^^^^^^^^^^^^^^^^^^^^^^^^^^^^^^^^^^^^^^^^^^^^^^^^^^^^^^^^^^^
  12 | import { Button } from "@/components/ui/button";
  13 | import { Surface } from "@/components/ui/surface";
  14 |

Import map: aliased to relative './components/previews/workflow-library-preview' inside of [project]/

Import trace:
  Server Component:
    ./components/sections/terminal-demo.tsx
    ./app/page.tsx

https://nextjs.org/docs/messages/module-not-found @ http://localhost:3000/_next/static/chunks/0fm8_next_dist_00ff3ya._.js:1945
[  457180ms] [WARNING] [HMR] Invalid message: {"type":"isrManifest","data":{"/?_rsc=wnywt":false,"/":false}}
TypeError: Cannot read properties of undefined (reading 'components')
    at handleStaticIndicator (http://localhost:3000/_next/static/chunks/0fm8_next_dist_client_08~60pv._.js:2791:46)
    at processMessage (http://localhost:3000/_next/static/chunks/0fm8_next_dist_client_08~60pv._.js:2805:17)
    at http://localhost:3000/_next/static/chunks/0fm8_next_dist_client_08~60pv._.js:2679:13
    at WebSocket.handleMessage (http://localhost:3000/_next/static/chunks/0fm8_next_dist_client_08~60pv._.js:2324:17) @ http://localhost:3000/_next/static/chunks/0fm8_next_dist_00ff3ya._.js:1226
[  520108ms] [WARNING] [HMR] Invalid message: {"type":"isrManifest","data":{"/":false,"/?_rsc=wnywt":false}}
TypeError: Cannot read properties of undefined (reading 'components')
    at handleStaticIndicator (http://localhost:3000/_next/static/chunks/0fm8_next_dist_client_08~60pv._.js:2791:46)
    at processMessage (http://localhost:3000/_next/static/chunks/0fm8_next_dist_client_08~60pv._.js:2805:17)
    at http://localhost:3000/_next/static/chunks/0fm8_next_dist_client_08~60pv._.js:2679:13
    at WebSocket.handleMessage (http://localhost:3000/_next/static/chunks/0fm8_next_dist_client_08~60pv._.js:2324:17) @ http://localhost:3000/_next/static/chunks/0fm8_next_dist_00ff3ya._.js:1226
[  566259ms] [ERROR] WebSocket connection to 'ws://localhost:3000/_next/webpack-hmr' failed: Error in connection establishment: net::ERR_CONNECTION_REFUSED @ http://localhost:3000/_next/static/chunks/0fm8_next_dist_client_08~60pv._.js:2342
[  567262ms] [ERROR] WebSocket connection to 'ws://localhost:3000/_next/webpack-hmr' failed: Error in connection establishment: net::ERR_CONNECTION_REFUSED @ http://localhost:3000/_next/static/chunks/0fm8_next_dist_client_08~60pv._.js:2342
[  568809ms] [LOG] [HMR] connected @ http://localhost:3000/_next/static/chunks/0fm8_next_dist_00ff3ya._.js:1226
[  568810ms] [WARNING] [HMR] Invalid message: {"type":"isrManifest","data":{}}
TypeError: Cannot read properties of undefined (reading 'components')
    at handleStaticIndicator (http://localhost:3000/_next/static/chunks/0fm8_next_dist_client_08~60pv._.js:2791:46)
    at processMessage (http://localhost:3000/_next/static/chunks/0fm8_next_dist_client_08~60pv._.js:2805:17)
    at http://localhost:3000/_next/static/chunks/0fm8_next_dist_client_08~60pv._.js:2679:13
    at WebSocket.handleMessage (http://localhost:3000/_next/static/chunks/0fm8_next_dist_client_08~60pv._.js:2324:17) @ http://localhost:3000/_next/static/chunks/0fm8_next_dist_00ff3ya._.js:1226
[  570109ms] [INFO] %cDownload the React DevTools for a better development experience: https://react.dev/link/react-devtools font-weight:bold @ http://localhost:3000/_next/static/chunks/0fm8_next_dist_0lceen-._.js:2431
[  570122ms] [LOG] [HMR] connected @ http://localhost:3000/_next/static/chunks/0fm8_next_dist_0lceen-._.js:2431
[  570224ms] [LOG] %c[Vercel Web Analytics]%c Debug mode is enabled by default in development. No requests will be sent to the server. color: rgb(120, 120, 120) color: inherit @ http://localhost:3000/_next/static/chunks/0fm8_next_dist_0lceen-._.js:2431
[  570224ms] [LOG] %c[Vercel Web Analytics]%c Running queued event color: rgb(120, 120, 120) color: inherit pageview {route: /, path: /} @ http://localhost:3000/_next/static/chunks/0fm8_next_dist_0lceen-._.js:2431
[  570224ms] [LOG] %c[Vercel Web Analytics]%c [view] http://localhost:3000/ color: rgb(120, 120, 120) color: inherit {o: http://localhost:3000/, sv: 0.1.3, sdkn: @vercel/analytics/next, sdkv: 2.0.1, ts: 1777127391257} /_vercel/insights/view @ http://localhost:3000/_next/static/chunks/0fm8_next_dist_0lceen-._.js:2431
[  862779ms] [ERROR] Failed to load resource: the server responded with a status of 500 (Internal Server Error) @ http://localhost:3000/?_rsc=wnywt:0
[  862858ms] [ERROR] Failed to load resource: the server responded with a status of 500 (Internal Server Error) @ http://localhost:3000/?_rsc=wnywt:0
[  862986ms] [ERROR] Failed to load resource: the server responded with a status of 500 (Internal Server Error) @ http://localhost:3000/:0
[  863070ms] [INFO] %cDownload the React DevTools for a better development experience: https://react.dev/link/react-devtools font-weight:bold @ http://localhost:3000/_next/static/chunks/0220_react-dom_0knhb5g._.js:15305
[  863122ms] Error: ./app/page.tsx:1:1
Module not found: Can't resolve '@/components/previews/WorkflowShowcase'
> 1 | import WorkflowShowcase from "@/components/previews/WorkflowShowcase";
    | ^^^^^^^^^^^^^^^^^^^^^^^^^^^^^^^^^^^^^^^^^^^^^^^^^^^^^^^^^^^^^^^^^^^^^^
  2 | import { BentoGrid } from "@/components/sections/bento-grid";
  3 | import { Comparison } from "@/components/sections/comparison";
  4 | import { FAQ } from "@/components/sections/faq";

Import map: aliased to relative './components/previews/WorkflowShowcase' inside of [project]/


https://nextjs.org/docs/messages/module-not-found


    at <unknown> (Error: ./app/page.tsx:1:1)
    at <unknown> (https://nextjs.org/docs/messages/module-not-found)
    at Object.getCompilationErrors (file:///Users/coderchris/Desktop/oxcil/node_modules/.bun/next@16.2.4+414d4dedf9acd908/node_modules/next/dist/server/dev/hot-reloader-turbopack.js:1186:59)
    at DevBundlerService.getCompilationError (file:///Users/coderchris/Desktop/oxcil/node_modules/.bun/next@16.2.4+414d4dedf9acd908/node_modules/next/dist/server/lib/dev-bundler-service.js:44:55)
    at DevServer.getCompilationError (file:///Users/coderchris/Desktop/oxcil/node_modules/.bun/next@16.2.4+414d4dedf9acd908/node_modules/next/dist/server/dev/next-dev-server.js:719:42)
    at DevServer.findPageComponents (file:///Users/coderchris/Desktop/oxcil/node_modules/.bun/next@16.2.4+414d4dedf9acd908/node_modules/next/dist/server/dev/next-dev-server.js:689:43)
    at async DevServer.renderErrorToResponseImpl (file:///Users/coderchris/Desktop/oxcil/node_modules/.bun/next@16.2.4+414d4dedf9acd908/node_modules/next/dist/server/base-server.js:1745:26)
[  863125ms] Error: Module [next]/entry/page-loader.ts { PAGE => "[project]/node_modules/.bun/next@16.2.4+414d4dedf9acd908/node_modules/next/dist/pages/_error.js [client] (ecmascript)" } [client] (ecmascript) was instantiated because it was required from module [hmr-entry]/hmr-entry.js { ENTRY => "[project]/pages/_error" }, but the module factory is not available.
This is often caused by a stale browser cache, misconfigured Cache-Control headers, or a service worker serving outdated responses.
To fix this, make sure your Cache-Control headers allow revalidation of chunks and review your service worker configuration. As an immediate workaround, try hard-reloading the page, clearing the browser cache, or unregistering any service workers.
    at instantiateModuleShared (http://localhost:3000/_next/static/chunks/turbopack-pages__app_09_uv0p._.js:1272:15)
    at instantiateModule (http://localhost:3000/_next/static/chunks/turbopack-pages__app_09_uv0p._.js:1621:12)
    at getOrInstantiateModuleFromParent (http://localhost:3000/_next/static/chunks/turbopack-pages__app_09_uv0p._.js:1604:12)
    at DevContext.commonJsRequire [as r] (http://localhost:3000/_next/static/chunks/turbopack-pages__app_09_uv0p._.js:299:12)
    at module evaluation (http://localhost:3000/_next/static/chunks/%5Broot-of-the-server%5D__01mw43t._.js:472:23)
    at http://localhost:3000/_next/static/chunks/turbopack-pages__app_09_uv0p._.js:1307:27
    at runModuleExecutionHooks (http://localhost:3000/_next/static/chunks/turbopack-pages__app_09_uv0p._.js:1636:13)
    at instantiateModuleShared (http://localhost:3000/_next/static/chunks/turbopack-pages__app_09_uv0p._.js:1305:9)
    at instantiateModule (http://localhost:3000/_next/static/chunks/turbopack-pages__app_09_uv0p._.js:1621:12)
    at getOrInstantiateRuntimeModule (http://localhost:3000/_next/static/chunks/turbopack-pages__app_09_uv0p._.js:1582:12)
    at Object.registerChunk (http://localhost:3000/_next/static/chunks/turbopack-pages__app_09_uv0p._.js:1988:21)
[  863114ms] [LOG] [HMR] connected @ http://localhost:3000/_next/static/chunks/0fm8_next_dist_00ff3ya._.js:1226
[  863139ms] [ERROR] ./app/page.tsx:1:1
Module not found: Can't resolve '@/components/previews/WorkflowShowcase'
> 1 | import WorkflowShowcase from "@/components/previews/WorkflowShowcase";
    | ^^^^^^^^^^^^^^^^^^^^^^^^^^^^^^^^^^^^^^^^^^^^^^^^^^^^^^^^^^^^^^^^^^^^^^
  2 | import { BentoGrid } from "@/components/sections/bento-grid";
  3 | import { Comparison } from "@/components/sections/comparison";
  4 | import { FAQ } from "@/components/sections/faq";

Import map: aliased to relative './components/previews/WorkflowShowcase' inside of [project]/

https://nextjs.org/docs/messages/module-not-found @ http://localhost:3000/_next/static/chunks/0fm8_next_dist_00ff3ya._.js:1945
[  868036ms] [WARNING] [Fast Refresh] performing full reload because your application had an unrecoverable error @ http://localhost:3000/_next/static/chunks/0fm8_next_dist_00ff3ya._.js:1226
[  870007ms] [INFO] %cDownload the React DevTools for a better development experience: https://react.dev/link/react-devtools font-weight:bold @ http://localhost:3000/_next/static/chunks/0fm8_next_dist_0lceen-._.js:2431
[  870149ms] [LOG] [HMR] connected @ http://localhost:3000/_next/static/chunks/0fm8_next_dist_0lceen-._.js:2431
[  870623ms] [LOG] %c[Vercel Web Analytics]%c Debug mode is enabled by default in development. No requests will be sent to the server. color: rgb(120, 120, 120) color: inherit @ http://localhost:3000/_next/static/chunks/0fm8_next_dist_0lceen-._.js:2431
[  870623ms] [LOG] %c[Vercel Web Analytics]%c Running queued event color: rgb(120, 120, 120) color: inherit pageview {route: /, path: /} @ http://localhost:3000/_next/static/chunks/0fm8_next_dist_0lceen-._.js:2431
[  870624ms] [LOG] %c[Vercel Web Analytics]%c [view] http://localhost:3000/ color: rgb(120, 120, 120) color: inherit {o: http://localhost:3000/, sv: 0.1.3, sdkn: @vercel/analytics/next, sdkv: 2.0.1, ts: 1777127691657} /_vercel/insights/view @ http://localhost:3000/_next/static/chunks/0fm8_next_dist_0lceen-._.js:2431
